<?xml version="1.0" encoding="UTF-8"?>
<!-- Generated by org.testng.reporters.JUnitReportReporter -->
<testsuite hostname="DIMPC" name="lesson11.SqlMarkDaoTest" tests="5" failures="0" timestamp="1 Sep 2016 16:25:56 GMT" time="5.210" errors="0">
  <testcase name="insertMarkTest" time="0.030" classname="lesson11.SqlMarkDaoTest"/>
  <testcase name="selectMarkTest" time="0.020" classname="lesson11.SqlMarkDaoTest"/>
  <testcase name="updateMarkTest" time="0.020" classname="lesson11.SqlMarkDaoTest"/>
  <testcase name="deleteMarkTest" time="5.140" classname="lesson11.SqlMarkDaoTest"/>
  <testcase name="selectAllMarksTest" time="0.000" classname="lesson11.SqlMarkDaoTest"/>
</testsuite> <!-- lesson11.SqlMarkDaoTest -->
