<?xml version="1.0" encoding="UTF-8"?>
<!-- Generated by org.testng.reporters.JUnitReportReporter -->
<testsuite hostname="DIMPC" name="lesson11.SqlGroupDaoTest" tests="5" failures="0" timestamp="1 Sep 2016 16:41:51 GMT" time="0.660" errors="0">
  <testcase name="insertGroupTest" time="0.340" classname="lesson11.SqlGroupDaoTest"/>
  <testcase name="selectGroupTest" time="0.000" classname="lesson11.SqlGroupDaoTest"/>
  <testcase name="deleteGroupTest" time="0.270" classname="lesson11.SqlGroupDaoTest"/>
  <testcase name="updateGroupTest" time="0.040" classname="lesson11.SqlGroupDaoTest"/>
  <testcase name="selectAllGroupsTest" time="0.010" classname="lesson11.SqlGroupDaoTest"/>
</testsuite> <!-- lesson11.SqlGroupDaoTest -->
