<?xml version="1.0" encoding="UTF-8"?>
<!-- Generated by org.testng.reporters.JUnitReportReporter -->
<testsuite hostname="DIMPC" name="lesson11.SqlStudentDaoTest" tests="5" failures="0" timestamp="1 Sep 2016 16:34:35 GMT" time="0.582" errors="0">
  <testcase name="insertStudentTest" time="0.040" classname="lesson11.SqlStudentDaoTest"/>
  <testcase name="selectStudentTest" time="0.092" classname="lesson11.SqlStudentDaoTest"/>
  <testcase name="deleteStudentTest" time="0.340" classname="lesson11.SqlStudentDaoTest"/>
  <testcase name="updateStudentTest" time="0.100" classname="lesson11.SqlStudentDaoTest"/>
  <testcase name="selectAllStudentTest" time="0.010" classname="lesson11.SqlStudentDaoTest"/>
</testsuite> <!-- lesson11.SqlStudentDaoTest -->
